START 7W BATCH 256 qua 20 mai 2026 15:44:10 -03
2026-05-20 15:44:10.357571: I tensorflow/cc/saved_model/reader.cc:83] Reading SavedModel from: sat6_savedmodel_for_c/
2026-05-20 15:44:10.362057: I tensorflow/cc/saved_model/reader.cc:51] Reading meta graph with tags { serve }
2026-05-20 15:44:10.362127: I tensorflow/cc/saved_model/reader.cc:146] Reading SavedModel debug info (if present) from: sat6_savedmodel_for_c/
2026-05-20 15:44:10.377881: I external/local_xla/xla/stream_executor/cuda/cuda_executor.cc:984] could not open file to read NUMA node: /sys/bus/pci/devices/0000:00:00.0/numa_node
Your kernel may have been built without NUMA support.
2026-05-20 15:44:10.428741: I external/local_xla/xla/stream_executor/cuda/cuda_executor.cc:984] could not open file to read NUMA node: /sys/bus/pci/devices/0000:00:00.0/numa_node
Your kernel may have been built without NUMA support.
2026-05-20 15:44:10.428992: I external/local_xla/xla/stream_executor/cuda/cuda_executor.cc:984] could not open file to read NUMA node: /sys/bus/pci/devices/0000:00:00.0/numa_node
Your kernel may have been built without NUMA support.
2026-05-20 15:44:10.527366: I external/local_xla/xla/stream_executor/cuda/cuda_executor.cc:984] could not open file to read NUMA node: /sys/bus/pci/devices/0000:00:00.0/numa_node
Your kernel may have been built without NUMA support.
2026-05-20 15:44:10.527661: I external/local_xla/xla/stream_executor/cuda/cuda_executor.cc:984] could not open file to read NUMA node: /sys/bus/pci/devices/0000:00:00.0/numa_node
Your kernel may have been built without NUMA support.
2026-05-20 15:44:10.527775: I tensorflow/core/common_runtime/gpu/gpu_device.cc:2019] Could not identify NUMA node of platform GPU id 0, defaulting to 0.  Your kernel may not have been built with NUMA support.
2026-05-20 15:44:10.527940: I external/local_xla/xla/stream_executor/cuda/cuda_executor.cc:984] could not open file to read NUMA node: /sys/bus/pci/devices/0000:00:00.0/numa_node
Your kernel may have been built without NUMA support.
2026-05-20 15:44:10.528080: I tensorflow/core/common_runtime/gpu/gpu_device.cc:1928] Created device /job:localhost/replica:0/task:0/device:GPU:0 with 2624 MB memory:  -> device: 0, name: Orin, pci bus id: 0000:00:00.0, compute capability: 8.7
2026-05-20 15:44:10.606527: I tensorflow/compiler/mlir/mlir_graph_optimization_pass.cc:388] MLIR V1 optimization pass is not enabled
2026-05-20 15:44:10.614898: I tensorflow/cc/saved_model/loader.cc:234] Restoring SavedModel bundle.
2026-05-20 15:44:11.622632: I tensorflow/cc/saved_model/loader.cc:218] Running initialization op on SavedModel bundle at path: sat6_savedmodel_for_c/
2026-05-20 15:44:11.695262: I tensorflow/cc/saved_model/loader.cc:317] SavedModel load for tags { serve }; Status: success: OK. Took 1337762 microseconds.
2026-05-20 15:44:20.566745: I external/local_xla/xla/stream_executor/cuda/cuda_dnn.cc:465] Loaded cuDNN version 8904
Modelo: sat6_savedmodel_for_c/
Entrada: serve_input_sat6
Saida: StatefulPartitionedCall
Formato SAT-6: [256, 28, 28, 4]
Features por amostra: 3136
Classes: 6

Iniciando execucao

Finalizado
Execution time: 14.031864 seconds
Average latency: 1.403186 ms/image
Accuracy: 99.34% (9934/10000 correct)
END 7W BATCH 256 qua 20 mai 2026 15:44:34 -03
